2014-07-13 00:59:31 Error: [MissingViewException] View file "/Library/WebServer/Documents/olt/app/View/Users/signup.ctp" is missing.
Exception Attributes: array (
  'file' => '/Library/WebServer/Documents/olt/app/View/Users/signup.ctp',
)
Request URL: /olt/users/signup
Stack Trace:
#0 /Library/WebServer/Documents/olt/lib/Cake/View/View.php(463): View->_getViewFileName(NULL)
#1 /Library/WebServer/Documents/olt/lib/Cake/Controller/Controller.php(952): View->render(NULL, NULL)
#2 /Library/WebServer/Documents/olt/lib/Cake/Routing/Dispatcher.php(192): Controller->render()
#3 /Library/WebServer/Documents/olt/lib/Cake/Routing/Dispatcher.php(160): Dispatcher->_invoke(Object(UsersController), Object(CakeRequest), Object(CakeResponse))
#4 /Library/WebServer/Documents/olt/app/webroot/index.php(170): Dispatcher->dispatch(Object(CakeRequest), Object(CakeResponse))
#5 {main}
2014-07-13 01:13:13 Error: [PDOException] SQLSTATE[22007]: Invalid datetime format: 1292 Incorrect datetime value: 'CURRENT_TIMESTAMP' for column 'created' at row 1
Request URL: /olt/labschemes/add
Stack Trace:
#0 /Library/WebServer/Documents/olt/lib/Cake/Model/Datasource/DboSource.php(458): PDOStatement->execute(Array)
#1 /Library/WebServer/Documents/olt/lib/Cake/Model/Datasource/DboSource.php(424): DboSource->_execute('INSERT INTO `ol...', Array)
#2 /Library/WebServer/Documents/olt/lib/Cake/Model/Datasource/DboSource.php(1004): DboSource->execute('INSERT INTO `ol...')
#3 /Library/WebServer/Documents/olt/lib/Cake/Model/Model.php(1832): DboSource->create(Object(LabScheme), Array, Array)
#4 /Library/WebServer/Documents/olt/app/Controller/LabschemesController.php(53): Model->save(Array)
#5 [internal function]: LabSchemesController->add()
#6 /Library/WebServer/Documents/olt/lib/Cake/Controller/Controller.php(490): ReflectionMethod->invokeArgs(Object(LabSchemesController), Array)
#7 /Library/WebServer/Documents/olt/lib/Cake/Routing/Dispatcher.php(185): Controller->invokeAction(Object(CakeRequest))
#8 /Library/WebServer/Documents/olt/lib/Cake/Routing/Dispatcher.php(160): Dispatcher->_invoke(Object(LabSchemesController), Object(CakeRequest), Object(CakeResponse))
#9 /Library/WebServer/Documents/olt/app/webroot/index.php(170): Dispatcher->dispatch(Object(CakeRequest), Object(CakeResponse))
#10 {main}
2014-07-13 01:28:39 Error: [MissingViewException] View file "/Library/WebServer/Documents/olt/app/View/Slides/lab_002.ctp" is missing.
Exception Attributes: array (
  'file' => '/Library/WebServer/Documents/olt/app/View/Slides/lab_002.ctp',
)
Request URL: /olt/labs/run/7
Stack Trace:
#0 /Library/WebServer/Documents/olt/lib/Cake/View/View.php(463): View->_getViewFileName('/Slides/lab_002...')
#1 /Library/WebServer/Documents/olt/lib/Cake/Controller/Controller.php(952): View->render('/Slides/lab_002...', 'lab')
#2 /Library/WebServer/Documents/olt/app/Controller/LabsController.php(200): Controller->render('/Slides/lab_002...', 'lab')
#3 [internal function]: LabsController->run('7')
#4 /Library/WebServer/Documents/olt/lib/Cake/Controller/Controller.php(490): ReflectionMethod->invokeArgs(Object(LabsController), Array)
#5 /Library/WebServer/Documents/olt/lib/Cake/Routing/Dispatcher.php(185): Controller->invokeAction(Object(CakeRequest))
#6 /Library/WebServer/Documents/olt/lib/Cake/Routing/Dispatcher.php(160): Dispatcher->_invoke(Object(LabsController), Object(CakeRequest), Object(CakeResponse))
#7 /Library/WebServer/Documents/olt/app/webroot/index.php(170): Dispatcher->dispatch(Object(CakeRequest), Object(CakeResponse))
#8 {main}
2014-07-13 01:32:51 Error: [MissingViewException] View file "/Library/WebServer/Documents/olt/app/View/Slides/lab_002.ctp" is missing.
Exception Attributes: array (
  'file' => '/Library/WebServer/Documents/olt/app/View/Slides/lab_002.ctp',
)
Request URL: /olt/labs/run/7
Stack Trace:
#0 /Library/WebServer/Documents/olt/lib/Cake/View/View.php(463): View->_getViewFileName('/Slides/lab_002...')
#1 /Library/WebServer/Documents/olt/lib/Cake/Controller/Controller.php(952): View->render('/Slides/lab_002...', 'lab')
#2 /Library/WebServer/Documents/olt/app/Controller/LabsController.php(202): Controller->render('/Slides/lab_002...', 'lab')
#3 [internal function]: LabsController->run('7')
#4 /Library/WebServer/Documents/olt/lib/Cake/Controller/Controller.php(490): ReflectionMethod->invokeArgs(Object(LabsController), Array)
#5 /Library/WebServer/Documents/olt/lib/Cake/Routing/Dispatcher.php(185): Controller->invokeAction(Object(CakeRequest))
#6 /Library/WebServer/Documents/olt/lib/Cake/Routing/Dispatcher.php(160): Dispatcher->_invoke(Object(LabsController), Object(CakeRequest), Object(CakeResponse))
#7 /Library/WebServer/Documents/olt/app/webroot/index.php(170): Dispatcher->dispatch(Object(CakeRequest), Object(CakeResponse))
#8 {main}
2014-07-13 01:33:27 Error: [MissingViewException] View file "/Library/WebServer/Documents/olt/app/View/Slides/lab_002.ctp" is missing.
Exception Attributes: array (
  'file' => '/Library/WebServer/Documents/olt/app/View/Slides/lab_002.ctp',
)
Request URL: /olt/labs/run/7
Stack Trace:
#0 /Library/WebServer/Documents/olt/lib/Cake/View/View.php(463): View->_getViewFileName('/Slides/lab_002...')
#1 /Library/WebServer/Documents/olt/lib/Cake/Controller/Controller.php(952): View->render('/Slides/lab_002...', 'lab')
#2 /Library/WebServer/Documents/olt/app/Controller/LabsController.php(202): Controller->render('/Slides/lab_002...', 'lab')
#3 [internal function]: LabsController->run('7')
#4 /Library/WebServer/Documents/olt/lib/Cake/Controller/Controller.php(490): ReflectionMethod->invokeArgs(Object(LabsController), Array)
#5 /Library/WebServer/Documents/olt/lib/Cake/Routing/Dispatcher.php(185): Controller->invokeAction(Object(CakeRequest))
#6 /Library/WebServer/Documents/olt/lib/Cake/Routing/Dispatcher.php(160): Dispatcher->_invoke(Object(LabsController), Object(CakeRequest), Object(CakeResponse))
#7 /Library/WebServer/Documents/olt/app/webroot/index.php(170): Dispatcher->dispatch(Object(CakeRequest), Object(CakeResponse))
#8 {main}
2014-07-13 01:35:07 Error: [MissingViewException] View file "/Library/WebServer/Documents/olt/app/View/Slides/lab_002.ctp" is missing.
Exception Attributes: array (
  'file' => '/Library/WebServer/Documents/olt/app/View/Slides/lab_002.ctp',
)
Request URL: /olt/labs/run/7
Stack Trace:
#0 /Library/WebServer/Documents/olt/lib/Cake/View/View.php(463): View->_getViewFileName('/Slides/lab_002...')
#1 /Library/WebServer/Documents/olt/lib/Cake/Controller/Controller.php(952): View->render('/Slides/lab_002...', 'lab')
#2 /Library/WebServer/Documents/olt/app/Controller/LabsController.php(202): Controller->render('/Slides/lab_002...', 'lab')
#3 [internal function]: LabsController->run('7')
#4 /Library/WebServer/Documents/olt/lib/Cake/Controller/Controller.php(490): ReflectionMethod->invokeArgs(Object(LabsController), Array)
#5 /Library/WebServer/Documents/olt/lib/Cake/Routing/Dispatcher.php(185): Controller->invokeAction(Object(CakeRequest))
#6 /Library/WebServer/Documents/olt/lib/Cake/Routing/Dispatcher.php(160): Dispatcher->_invoke(Object(LabsController), Object(CakeRequest), Object(CakeResponse))
#7 /Library/WebServer/Documents/olt/app/webroot/index.php(170): Dispatcher->dispatch(Object(CakeRequest), Object(CakeResponse))
#8 {main}
2014-07-13 01:35:10 Error: [MissingViewException] View file "/Library/WebServer/Documents/olt/app/View/Slides/lab_002.ctp" is missing.
Exception Attributes: array (
  'file' => '/Library/WebServer/Documents/olt/app/View/Slides/lab_002.ctp',
)
Request URL: /olt/labs/run/7
Stack Trace:
#0 /Library/WebServer/Documents/olt/lib/Cake/View/View.php(463): View->_getViewFileName('/Slides/lab_002...')
#1 /Library/WebServer/Documents/olt/lib/Cake/Controller/Controller.php(952): View->render('/Slides/lab_002...', 'lab')
#2 /Library/WebServer/Documents/olt/app/Controller/LabsController.php(202): Controller->render('/Slides/lab_002...', 'lab')
#3 [internal function]: LabsController->run('7')
#4 /Library/WebServer/Documents/olt/lib/Cake/Controller/Controller.php(490): ReflectionMethod->invokeArgs(Object(LabsController), Array)
#5 /Library/WebServer/Documents/olt/lib/Cake/Routing/Dispatcher.php(185): Controller->invokeAction(Object(CakeRequest))
#6 /Library/WebServer/Documents/olt/lib/Cake/Routing/Dispatcher.php(160): Dispatcher->_invoke(Object(LabsController), Object(CakeRequest), Object(CakeResponse))
#7 /Library/WebServer/Documents/olt/app/webroot/index.php(170): Dispatcher->dispatch(Object(CakeRequest), Object(CakeResponse))
#8 {main}
2014-07-13 01:53:33 Error: [PDOException] SQLSTATE[42S22]: Column not found: 1054 Unknown column 'Rsets.user_id' in 'where clause'
Request URL: /olt/users/home
Stack Trace:
#0 /Library/WebServer/Documents/olt/lib/Cake/Model/Datasource/DboSource.php(458): PDOStatement->execute(Array)
#1 /Library/WebServer/Documents/olt/lib/Cake/Model/Datasource/DboSource.php(424): DboSource->_execute('SELECT `Rset`.`...', Array)
#2 /Library/WebServer/Documents/olt/lib/Cake/Model/Datasource/DboSource.php(665): DboSource->execute('SELECT `Rset`.`...', Array, Array)
#3 /Library/WebServer/Documents/olt/lib/Cake/Model/Datasource/DboSource.php(1077): DboSource->fetchAll('SELECT `Rset`.`...', false)
#4 /Library/WebServer/Documents/olt/lib/Cake/Model/Model.php(2902): DboSource->read(Object(Rset), Array)
#5 /Library/WebServer/Documents/olt/lib/Cake/Model/Model.php(2874): Model->_readDataSource('all', Array)
#6 /Library/WebServer/Documents/olt/app/Controller/UsersController.php(85): Model->find('all', Array)
#7 [internal function]: UsersController->home()
#8 /Library/WebServer/Documents/olt/lib/Cake/Controller/Controller.php(490): ReflectionMethod->invokeArgs(Object(UsersController), Array)
#9 /Library/WebServer/Documents/olt/lib/Cake/Routing/Dispatcher.php(185): Controller->invokeAction(Object(CakeRequest))
#10 /Library/WebServer/Documents/olt/lib/Cake/Routing/Dispatcher.php(160): Dispatcher->_invoke(Object(UsersController), Object(CakeRequest), Object(CakeResponse))
#11 /Library/WebServer/Documents/olt/app/webroot/index.php(170): Dispatcher->dispatch(Object(CakeRequest), Object(CakeResponse))
#12 {main}
2014-07-13 01:59:02 Error: Fatal Error (4): parse error in [/Library/WebServer/Documents/olt/app/Controller/UsersController.php, line 88]
2014-07-13 01:59:02 Error: [FatalErrorException] parse error
Request URL: /olt/users/home
Stack Trace:
#0 /Library/WebServer/Documents/olt/lib/Cake/Error/ErrorHandler.php(203): ErrorHandler::handleFatalError(4, 'parse error', '/Library/WebSer...', 88)
#1 [internal function]: ErrorHandler::handleError(4, 'parse error', '/Library/WebSer...', 88, Array)
#2 /Library/WebServer/Documents/olt/lib/Cake/Core/App.php(929): call_user_func('ErrorHandler::h...', 4, 'parse error', '/Library/WebSer...', 88, Array)
#3 /Library/WebServer/Documents/olt/lib/Cake/Core/App.php(902): App::_checkFatalError()
#4 [internal function]: App::shutdown()
#5 {main}
2014-07-13 21:41:24 Error: Fatal Error (1): Cannot use object of type NotFoundException as array in [/Library/WebServer/Documents/olt/app/Controller/RsetsController.php, line 183]
2014-07-13 21:41:24 Error: [FatalErrorException] Cannot use object of type NotFoundException as array
Request URL: /olt/rsets/live_update/6
Stack Trace:
#0 /Library/WebServer/Documents/olt/lib/Cake/Error/ErrorHandler.php(203): ErrorHandler::handleFatalError(1, 'Cannot use obje...', '/Library/WebSer...', 183)
#1 [internal function]: ErrorHandler::handleError(1, 'Cannot use obje...', '/Library/WebSer...', 183, Array)
#2 /Library/WebServer/Documents/olt/lib/Cake/Core/App.php(929): call_user_func('ErrorHandler::h...', 1, 'Cannot use obje...', '/Library/WebSer...', 183, Array)
#3 /Library/WebServer/Documents/olt/lib/Cake/Core/App.php(902): App::_checkFatalError()
#4 [internal function]: App::shutdown()
#5 {main}
2014-07-13 21:50:08 Error: Fatal Error (1): Cannot use object of type NotFoundException as array in [/Library/WebServer/Documents/olt/app/Controller/RsetsController.php, line 183]
2014-07-13 21:50:08 Error: [FatalErrorException] Cannot use object of type NotFoundException as array
Request URL: /olt/rsets/live_update/6/1/2
Stack Trace:
#0 /Library/WebServer/Documents/olt/lib/Cake/Error/ErrorHandler.php(203): ErrorHandler::handleFatalError(1, 'Cannot use obje...', '/Library/WebSer...', 183)
#1 [internal function]: ErrorHandler::handleError(1, 'Cannot use obje...', '/Library/WebSer...', 183, Array)
#2 /Library/WebServer/Documents/olt/lib/Cake/Core/App.php(929): call_user_func('ErrorHandler::h...', 1, 'Cannot use obje...', '/Library/WebSer...', 183, Array)
#3 /Library/WebServer/Documents/olt/lib/Cake/Core/App.php(902): App::_checkFatalError()
#4 [internal function]: App::shutdown()
#5 {main}
2014-07-13 21:52:25 Error: Fatal Error (1): Cannot use object of type NotFoundException as array in [/Library/WebServer/Documents/olt/app/Controller/RsetsController.php, line 181]
2014-07-13 21:52:25 Error: [FatalErrorException] Cannot use object of type NotFoundException as array
Request URL: /olt/rsets/live_update/6/1/2
Stack Trace:
#0 /Library/WebServer/Documents/olt/lib/Cake/Error/ErrorHandler.php(203): ErrorHandler::handleFatalError(1, 'Cannot use obje...', '/Library/WebSer...', 181)
#1 [internal function]: ErrorHandler::handleError(1, 'Cannot use obje...', '/Library/WebSer...', 181, Array)
#2 /Library/WebServer/Documents/olt/lib/Cake/Core/App.php(929): call_user_func('ErrorHandler::h...', 1, 'Cannot use obje...', '/Library/WebSer...', 181, Array)
#3 /Library/WebServer/Documents/olt/lib/Cake/Core/App.php(902): App::_checkFatalError()
#4 [internal function]: App::shutdown()
#5 {main}
2014-07-13 21:57:03 Error: Fatal Error (1): Cannot use object of type NotFoundException as array in [/Library/WebServer/Documents/olt/app/Controller/RsetsController.php, line 212]
2014-07-13 21:57:03 Error: [FatalErrorException] Cannot use object of type NotFoundException as array
Request URL: /olt/rsets/live_update/1/1/2
Stack Trace:
#0 /Library/WebServer/Documents/olt/lib/Cake/Error/ErrorHandler.php(203): ErrorHandler::handleFatalError(1, 'Cannot use obje...', '/Library/WebSer...', 212)
#1 [internal function]: ErrorHandler::handleError(1, 'Cannot use obje...', '/Library/WebSer...', 212, Array)
#2 /Library/WebServer/Documents/olt/lib/Cake/Core/App.php(929): call_user_func('ErrorHandler::h...', 1, 'Cannot use obje...', '/Library/WebSer...', 212, Array)
#3 /Library/WebServer/Documents/olt/lib/Cake/Core/App.php(902): App::_checkFatalError()
#4 [internal function]: App::shutdown()
#5 {main}
2014-07-13 21:58:10 Error: Fatal Error (1): Cannot use object of type Exception as array in [/Library/WebServer/Documents/olt/app/Controller/RsetsController.php, line 215]
2014-07-13 21:58:10 Error: [FatalErrorException] Cannot use object of type Exception as array
Request URL: /olt/rsets/live_update/1/1/2
Stack Trace:
#0 /Library/WebServer/Documents/olt/lib/Cake/Error/ErrorHandler.php(203): ErrorHandler::handleFatalError(1, 'Cannot use obje...', '/Library/WebSer...', 215)
#1 [internal function]: ErrorHandler::handleError(1, 'Cannot use obje...', '/Library/WebSer...', 215, Array)
#2 /Library/WebServer/Documents/olt/lib/Cake/Core/App.php(929): call_user_func('ErrorHandler::h...', 1, 'Cannot use obje...', '/Library/WebSer...', 215, Array)
#3 /Library/WebServer/Documents/olt/lib/Cake/Core/App.php(902): App::_checkFatalError()
#4 [internal function]: App::shutdown()
#5 {main}
2014-07-13 22:37:14 Error: Fatal Error (1): Cannot use object of type Exception as array in [/Library/WebServer/Documents/olt/app/Controller/RsetsController.php, line 201]
2014-07-13 22:37:14 Error: [FatalErrorException] Cannot use object of type Exception as array
Request URL: /olt/rsets/live_update/1/1/2
Stack Trace:
#0 /Library/WebServer/Documents/olt/lib/Cake/Error/ErrorHandler.php(203): ErrorHandler::handleFatalError(1, 'Cannot use obje...', '/Library/WebSer...', 201)
#1 [internal function]: ErrorHandler::handleError(1, 'Cannot use obje...', '/Library/WebSer...', 201, Array)
#2 /Library/WebServer/Documents/olt/lib/Cake/Core/App.php(929): call_user_func('ErrorHandler::h...', 1, 'Cannot use obje...', '/Library/WebSer...', 201, Array)
#3 /Library/WebServer/Documents/olt/lib/Cake/Core/App.php(902): App::_checkFatalError()
#4 [internal function]: App::shutdown()
#5 {main}
2014-07-13 22:42:09 Error: Fatal Error (1): Cannot use object of type Exception as array in [/Library/WebServer/Documents/olt/app/Controller/RsetsController.php, line 201]
2014-07-13 22:42:09 Error: [FatalErrorException] Cannot use object of type Exception as array
Request URL: /olt/rsets/live_update/1/1/2
Stack Trace:
#0 /Library/WebServer/Documents/olt/lib/Cake/Error/ErrorHandler.php(203): ErrorHandler::handleFatalError(1, 'Cannot use obje...', '/Library/WebSer...', 201)
#1 [internal function]: ErrorHandler::handleError(1, 'Cannot use obje...', '/Library/WebSer...', 201, Array)
#2 /Library/WebServer/Documents/olt/lib/Cake/Core/App.php(929): call_user_func('ErrorHandler::h...', 1, 'Cannot use obje...', '/Library/WebSer...', 201, Array)
#3 /Library/WebServer/Documents/olt/lib/Cake/Core/App.php(902): App::_checkFatalError()
#4 [internal function]: App::shutdown()
#5 {main}
2014-07-13 23:14:54 Error: Fatal Error (4): parse error in [/Library/WebServer/Documents/olt/app/View/Slides/lab_001/post_activity.ctp, line 23]
2014-07-13 23:14:54 Error: [FatalErrorException] parse error
Request URL: /olt/labs/run/1
Stack Trace:
#0 /Library/WebServer/Documents/olt/lib/Cake/Error/ErrorHandler.php(203): ErrorHandler::handleFatalError(4, 'parse error', '/Library/WebSer...', 23)
#1 [internal function]: ErrorHandler::handleError(4, 'parse error', '/Library/WebSer...', 23, Array)
#2 /Library/WebServer/Documents/olt/lib/Cake/Core/App.php(929): call_user_func('ErrorHandler::h...', 4, 'parse error', '/Library/WebSer...', 23, Array)
#3 /Library/WebServer/Documents/olt/lib/Cake/Core/App.php(902): App::_checkFatalError()
#4 [internal function]: App::shutdown()
#5 {main}
2014-07-13 23:15:31 Error: Fatal Error (4): parse error in [/Library/WebServer/Documents/olt/app/View/Slides/lab_001/post_activity.ctp, line 23]
2014-07-13 23:15:31 Error: [FatalErrorException] parse error
Request URL: /olt/labs/run/1
Stack Trace:
#0 /Library/WebServer/Documents/olt/lib/Cake/Error/ErrorHandler.php(203): ErrorHandler::handleFatalError(4, 'parse error', '/Library/WebSer...', 23)
#1 [internal function]: ErrorHandler::handleError(4, 'parse error', '/Library/WebSer...', 23, Array)
#2 /Library/WebServer/Documents/olt/lib/Cake/Core/App.php(929): call_user_func('ErrorHandler::h...', 4, 'parse error', '/Library/WebSer...', 23, Array)
#3 /Library/WebServer/Documents/olt/lib/Cake/Core/App.php(902): App::_checkFatalError()
#4 [internal function]: App::shutdown()
#5 {main}
2014-07-13 23:15:55 Error: Fatal Error (4): parse error in [/Library/WebServer/Documents/olt/app/View/Slides/lab_001/post_activity.ctp, line 90]
2014-07-13 23:15:55 Error: [FatalErrorException] parse error
Request URL: /olt/labs/run/1
Stack Trace:
#0 /Library/WebServer/Documents/olt/lib/Cake/Error/ErrorHandler.php(203): ErrorHandler::handleFatalError(4, 'parse error', '/Library/WebSer...', 90)
#1 [internal function]: ErrorHandler::handleError(4, 'parse error', '/Library/WebSer...', 90, Array)
#2 /Library/WebServer/Documents/olt/lib/Cake/Core/App.php(929): call_user_func('ErrorHandler::h...', 4, 'parse error', '/Library/WebSer...', 90, Array)
#3 /Library/WebServer/Documents/olt/lib/Cake/Core/App.php(902): App::_checkFatalError()
#4 [internal function]: App::shutdown()
#5 {main}
2014-07-13 23:16:48 Error: Fatal Error (4): parse error in [/Library/WebServer/Documents/olt/app/View/Slides/lab_001/post_activity.ctp, line 89]
2014-07-13 23:16:48 Error: [FatalErrorException] parse error
Request URL: /olt/labs/run/1
Stack Trace:
#0 /Library/WebServer/Documents/olt/lib/Cake/Error/ErrorHandler.php(203): ErrorHandler::handleFatalError(4, 'parse error', '/Library/WebSer...', 89)
#1 [internal function]: ErrorHandler::handleError(4, 'parse error', '/Library/WebSer...', 89, Array)
#2 /Library/WebServer/Documents/olt/lib/Cake/Core/App.php(929): call_user_func('ErrorHandler::h...', 4, 'parse error', '/Library/WebSer...', 89, Array)
#3 /Library/WebServer/Documents/olt/lib/Cake/Core/App.php(902): App::_checkFatalError()
#4 [internal function]: App::shutdown()
#5 {main}
2014-07-13 23:17:09 Error: Fatal Error (4): parse error in [/Library/WebServer/Documents/olt/app/View/Slides/lab_001/post_activity.ctp, line 89]
2014-07-13 23:17:09 Error: [FatalErrorException] parse error
Request URL: /olt/labs/run/1
Stack Trace:
#0 /Library/WebServer/Documents/olt/lib/Cake/Error/ErrorHandler.php(203): ErrorHandler::handleFatalError(4, 'parse error', '/Library/WebSer...', 89)
#1 [internal function]: ErrorHandler::handleError(4, 'parse error', '/Library/WebSer...', 89, Array)
#2 /Library/WebServer/Documents/olt/lib/Cake/Core/App.php(929): call_user_func('ErrorHandler::h...', 4, 'parse error', '/Library/WebSer...', 89, Array)
#3 /Library/WebServer/Documents/olt/lib/Cake/Core/App.php(902): App::_checkFatalError()
#4 [internal function]: App::shutdown()
#5 {main}
2014-07-13 23:25:11 Error: Fatal Error (4): parse error, expecting `')'' in [/Library/WebServer/Documents/olt/app/View/Slides/lab_001/post_activity.ctp, line 97]
2014-07-13 23:25:11 Error: [FatalErrorException] parse error, expecting `')''
Request URL: /olt/labs/run/1
Stack Trace:
#0 /Library/WebServer/Documents/olt/lib/Cake/Error/ErrorHandler.php(203): ErrorHandler::handleFatalError(4, 'parse error, ex...', '/Library/WebSer...', 97)
#1 [internal function]: ErrorHandler::handleError(4, 'parse error, ex...', '/Library/WebSer...', 97, Array)
#2 /Library/WebServer/Documents/olt/lib/Cake/Core/App.php(929): call_user_func('ErrorHandler::h...', 4, 'parse error, ex...', '/Library/WebSer...', 97, Array)
#3 /Library/WebServer/Documents/olt/lib/Cake/Core/App.php(902): App::_checkFatalError()
#4 [internal function]: App::shutdown()
#5 {main}
2014-07-14 00:12:45 Error: Fatal Error (1): Call to undefined method View::input() in [/Library/WebServer/Documents/olt/app/View/Slides/lab_001/post_activity.ctp, line 359]
2014-07-14 00:12:45 Error: [FatalErrorException] Call to undefined method View::input()
Request URL: /olt/labs/run/1
Stack Trace:
#0 /Library/WebServer/Documents/olt/lib/Cake/Error/ErrorHandler.php(203): ErrorHandler::handleFatalError(1, 'Call to undefin...', '/Library/WebSer...', 359)
#1 [internal function]: ErrorHandler::handleError(1, 'Call to undefin...', '/Library/WebSer...', 359, Array)
#2 /Library/WebServer/Documents/olt/lib/Cake/Core/App.php(929): call_user_func('ErrorHandler::h...', 1, 'Call to undefin...', '/Library/WebSer...', 359, Array)
#3 /Library/WebServer/Documents/olt/lib/Cake/Core/App.php(902): App::_checkFatalError()
#4 [internal function]: App::shutdown()
#5 {main}
2014-08-19 20:34:34 Error: [MissingViewException] View file "/Library/WebServer/Documents/olt/app/View/Slides/lab_001.ctp" is missing.
Exception Attributes: array (
  'file' => '/Library/WebServer/Documents/olt/app/View/Slides/lab_001.ctp',
)
Request URL: /olt/labs/run/14
Stack Trace:
#0 /Library/WebServer/Documents/olt/lib/Cake/View/View.php(463): View->_getViewFileName('/Slides/lab_001...')
#1 /Library/WebServer/Documents/olt/lib/Cake/Controller/Controller.php(952): View->render('/Slides/lab_001...', 'lab')
#2 /Library/WebServer/Documents/olt/app/Controller/LabsController.php(202): Controller->render('/Slides/lab_001...', 'lab')
#3 [internal function]: LabsController->run('14')
#4 /Library/WebServer/Documents/olt/lib/Cake/Controller/Controller.php(490): ReflectionMethod->invokeArgs(Object(LabsController), Array)
#5 /Library/WebServer/Documents/olt/lib/Cake/Routing/Dispatcher.php(185): Controller->invokeAction(Object(CakeRequest))
#6 /Library/WebServer/Documents/olt/lib/Cake/Routing/Dispatcher.php(160): Dispatcher->_invoke(Object(LabsController), Object(CakeRequest), Object(CakeResponse))
#7 /Library/WebServer/Documents/olt/app/webroot/index.php(170): Dispatcher->dispatch(Object(CakeRequest), Object(CakeResponse))
#8 {main}
2014-10-21 19:46:55 Error: [CakeException] AclNode::node() - Couldn't find Aro node identified by "Array
(
    [Aro0.model] => Group
    [Aro0.foreign_key] => 4
)
"
Request URL: /olt/users/initDB
Stack Trace:
#0 /Library/WebServer/Documents/olt/lib/Cake/Model/Permission.php(222): AclNode->node(Object(Group))
#1 /Library/WebServer/Documents/olt/lib/Cake/Model/Permission.php(174): Permission->getAclLink(Object(Group), 'controllers')
#2 /Library/WebServer/Documents/olt/lib/Cake/Controller/Component/Acl/DbAcl.php(88): Permission->allow(Object(Group), 'controllers', '*', 1)
#3 /Library/WebServer/Documents/olt/lib/Cake/Controller/Component/AclComponent.php(123): DbAcl->allow(Object(Group), 'controllers', '*')
#4 /Library/WebServer/Documents/olt/app/Controller/UsersController.php(177): AclComponent->allow(Object(Group), 'controllers')
#5 [internal function]: UsersController->initDB()
#6 /Library/WebServer/Documents/olt/lib/Cake/Controller/Controller.php(490): ReflectionMethod->invokeArgs(Object(UsersController), Array)
#7 /Library/WebServer/Documents/olt/lib/Cake/Routing/Dispatcher.php(185): Controller->invokeAction(Object(CakeRequest))
#8 /Library/WebServer/Documents/olt/lib/Cake/Routing/Dispatcher.php(160): Dispatcher->_invoke(Object(UsersController), Object(CakeRequest), Object(CakeResponse))
#9 /Library/WebServer/Documents/olt/app/webroot/index.php(170): Dispatcher->dispatch(Object(CakeRequest), Object(CakeResponse))
#10 {main}
2014-10-21 19:47:13 Error: [CakeException] AclNode::node() - Couldn't find Aro node identified by "Array
(
    [Aro0.model] => Group
    [Aro0.foreign_key] => 6
)
"
Request URL: /olt/rsets/finalize/21
Stack Trace:
#0 /Library/WebServer/Documents/olt/lib/Cake/Model/Permission.php(82): AclNode->node(Array)
#1 /Library/WebServer/Documents/olt/lib/Cake/Controller/Component/Acl/DbAcl.php(74): Permission->check(Array, 'controllers/Rse...', '*')
#2 /Library/WebServer/Documents/olt/lib/Cake/Controller/Component/AclComponent.php(110): DbAcl->check(Array, 'controllers/Rse...', '*')
#3 /Library/WebServer/Documents/olt/lib/Cake/Controller/Component/Auth/ActionsAuthorize.php(40): AclComponent->check(Array, 'controllers/Rse...')
#4 /Library/WebServer/Documents/olt/lib/Cake/Controller/Component/AuthComponent.php(464): ActionsAuthorize->authorize(Array, Object(CakeRequest))
#5 /Library/WebServer/Documents/olt/lib/Cake/Controller/Component/AuthComponent.php(309): AuthComponent->isAuthorized(Array)
#6 [internal function]: AuthComponent->startup(Object(RsetsController))
#7 /Library/WebServer/Documents/olt/lib/Cake/Utility/ObjectCollection.php(132): call_user_func_array(Array, Array)
#8 [internal function]: ObjectCollection->trigger(Object(CakeEvent))
#9 /Library/WebServer/Documents/olt/lib/Cake/Event/CakeEventManager.php(247): call_user_func(Array, Object(CakeEvent))
#10 /Library/WebServer/Documents/olt/lib/Cake/Controller/Controller.php(675): CakeEventManager->dispatch(Object(CakeEvent))
#11 /Library/WebServer/Documents/olt/lib/Cake/Routing/Dispatcher.php(182): Controller->startupProcess()
#12 /Library/WebServer/Documents/olt/lib/Cake/Routing/Dispatcher.php(160): Dispatcher->_invoke(Object(RsetsController), Object(CakeRequest), Object(CakeResponse))
#13 /Library/WebServer/Documents/olt/app/webroot/index.php(170): Dispatcher->dispatch(Object(CakeRequest), Object(CakeResponse))
#14 {main}
2014-10-22 19:40:47 Error: [CakeException] AclNode::node() - Couldn't find Aro node identified by "Array
(
    [Aro0.model] => Group
    [Aro0.foreign_key] => 4
)
"
Request URL: /olt/users/initDB
Stack Trace:
#0 /Library/WebServer/Documents/olt/lib/Cake/Model/Permission.php(222): AclNode->node(Object(Group))
#1 /Library/WebServer/Documents/olt/lib/Cake/Model/Permission.php(174): Permission->getAclLink(Object(Group), 'controllers')
#2 /Library/WebServer/Documents/olt/lib/Cake/Controller/Component/Acl/DbAcl.php(88): Permission->allow(Object(Group), 'controllers', '*', 1)
#3 /Library/WebServer/Documents/olt/lib/Cake/Controller/Component/AclComponent.php(123): DbAcl->allow(Object(Group), 'controllers', '*')
#4 /Library/WebServer/Documents/olt/app/Controller/UsersController.php(178): AclComponent->allow(Object(Group), 'controllers')
#5 [internal function]: UsersController->initDB()
#6 /Library/WebServer/Documents/olt/lib/Cake/Controller/Controller.php(490): ReflectionMethod->invokeArgs(Object(UsersController), Array)
#7 /Library/WebServer/Documents/olt/lib/Cake/Routing/Dispatcher.php(185): Controller->invokeAction(Object(CakeRequest))
#8 /Library/WebServer/Documents/olt/lib/Cake/Routing/Dispatcher.php(160): Dispatcher->_invoke(Object(UsersController), Object(CakeRequest), Object(CakeResponse))
#9 /Library/WebServer/Documents/olt/app/webroot/index.php(170): Dispatcher->dispatch(Object(CakeRequest), Object(CakeResponse))
#10 {main}
2014-10-22 19:42:58 Error: [CakeException] AclNode::node() - Couldn't find Aro node identified by "Array
(
    [Aro0.model] => Group
    [Aro0.foreign_key] => 4
)
"
Request URL: /olt/users/initDB
Stack Trace:
#0 /Library/WebServer/Documents/olt/lib/Cake/Model/Permission.php(222): AclNode->node(Object(Group))
#1 /Library/WebServer/Documents/olt/lib/Cake/Model/Permission.php(174): Permission->getAclLink(Object(Group), 'controllers')
#2 /Library/WebServer/Documents/olt/lib/Cake/Controller/Component/Acl/DbAcl.php(88): Permission->allow(Object(Group), 'controllers', '*', 1)
#3 /Library/WebServer/Documents/olt/lib/Cake/Controller/Component/AclComponent.php(123): DbAcl->allow(Object(Group), 'controllers', '*')
#4 /Library/WebServer/Documents/olt/app/Controller/UsersController.php(178): AclComponent->allow(Object(Group), 'controllers')
#5 [internal function]: UsersController->initDB()
#6 /Library/WebServer/Documents/olt/lib/Cake/Controller/Controller.php(490): ReflectionMethod->invokeArgs(Object(UsersController), Array)
#7 /Library/WebServer/Documents/olt/lib/Cake/Routing/Dispatcher.php(185): Controller->invokeAction(Object(CakeRequest))
#8 /Library/WebServer/Documents/olt/lib/Cake/Routing/Dispatcher.php(160): Dispatcher->_invoke(Object(UsersController), Object(CakeRequest), Object(CakeResponse))
#9 /Library/WebServer/Documents/olt/app/webroot/index.php(170): Dispatcher->dispatch(Object(CakeRequest), Object(CakeResponse))
#10 {main}
2014-10-22 19:43:21 Error: [CakeException] AclNode::node() - Couldn't find Aro node identified by "Array
(
    [Aro0.model] => Group
    [Aro0.foreign_key] => 4
)
"
Request URL: /olt/users/initDB
Stack Trace:
#0 /Library/WebServer/Documents/olt/lib/Cake/Model/Permission.php(222): AclNode->node(Object(Group))
#1 /Library/WebServer/Documents/olt/lib/Cake/Model/Permission.php(174): Permission->getAclLink(Object(Group), 'controllers')
#2 /Library/WebServer/Documents/olt/lib/Cake/Controller/Component/Acl/DbAcl.php(88): Permission->allow(Object(Group), 'controllers', '*', 1)
#3 /Library/WebServer/Documents/olt/lib/Cake/Controller/Component/AclComponent.php(123): DbAcl->allow(Object(Group), 'controllers', '*')
#4 /Library/WebServer/Documents/olt/app/Controller/UsersController.php(178): AclComponent->allow(Object(Group), 'controllers')
#5 [internal function]: UsersController->initDB()
#6 /Library/WebServer/Documents/olt/lib/Cake/Controller/Controller.php(490): ReflectionMethod->invokeArgs(Object(UsersController), Array)
#7 /Library/WebServer/Documents/olt/lib/Cake/Routing/Dispatcher.php(185): Controller->invokeAction(Object(CakeRequest))
#8 /Library/WebServer/Documents/olt/lib/Cake/Routing/Dispatcher.php(160): Dispatcher->_invoke(Object(UsersController), Object(CakeRequest), Object(CakeResponse))
#9 /Library/WebServer/Documents/olt/app/webroot/index.php(170): Dispatcher->dispatch(Object(CakeRequest), Object(CakeResponse))
#10 {main}
2014-10-22 19:44:17 Error: [CakeException] AclNode::node() - Couldn't find Aro node identified by "Array
(
    [Aro0.model] => Group
    [Aro0.foreign_key] => 4
)
"
Request URL: /olt/users/initDB
Stack Trace:
#0 /Library/WebServer/Documents/olt/lib/Cake/Model/Permission.php(222): AclNode->node(Object(Group))
#1 /Library/WebServer/Documents/olt/lib/Cake/Model/Permission.php(174): Permission->getAclLink(Object(Group), 'controllers')
#2 /Library/WebServer/Documents/olt/lib/Cake/Controller/Component/Acl/DbAcl.php(88): Permission->allow(Object(Group), 'controllers', '*', 1)
#3 /Library/WebServer/Documents/olt/lib/Cake/Controller/Component/AclComponent.php(123): DbAcl->allow(Object(Group), 'controllers', '*')
#4 /Library/WebServer/Documents/olt/app/Controller/UsersController.php(178): AclComponent->allow(Object(Group), 'controllers')
#5 [internal function]: UsersController->initDB()
#6 /Library/WebServer/Documents/olt/lib/Cake/Controller/Controller.php(490): ReflectionMethod->invokeArgs(Object(UsersController), Array)
#7 /Library/WebServer/Documents/olt/lib/Cake/Routing/Dispatcher.php(185): Controller->invokeAction(Object(CakeRequest))
#8 /Library/WebServer/Documents/olt/lib/Cake/Routing/Dispatcher.php(160): Dispatcher->_invoke(Object(UsersController), Object(CakeRequest), Object(CakeResponse))
#9 /Library/WebServer/Documents/olt/app/webroot/index.php(170): Dispatcher->dispatch(Object(CakeRequest), Object(CakeResponse))
#10 {main}
2014-10-22 19:48:09 Error: [CakeException] AclNode::node() - Couldn't find Aro node identified by "Array
(
    [Aro0.model] => Group
    [Aro0.foreign_key] => 4
)
"
Request URL: /olt/users/initDB
Stack Trace:
#0 /Library/WebServer/Documents/olt/lib/Cake/Model/Permission.php(222): AclNode->node(Object(Group))
#1 /Library/WebServer/Documents/olt/lib/Cake/Model/Permission.php(174): Permission->getAclLink(Object(Group), 'controllers')
#2 /Library/WebServer/Documents/olt/lib/Cake/Controller/Component/Acl/DbAcl.php(88): Permission->allow(Object(Group), 'controllers', '*', 1)
#3 /Library/WebServer/Documents/olt/lib/Cake/Controller/Component/AclComponent.php(123): DbAcl->allow(Object(Group), 'controllers', '*')
#4 /Library/WebServer/Documents/olt/app/Controller/UsersController.php(178): AclComponent->allow(Object(Group), 'controllers')
#5 [internal function]: UsersController->initDB()
#6 /Library/WebServer/Documents/olt/lib/Cake/Controller/Controller.php(490): ReflectionMethod->invokeArgs(Object(UsersController), Array)
#7 /Library/WebServer/Documents/olt/lib/Cake/Routing/Dispatcher.php(185): Controller->invokeAction(Object(CakeRequest))
#8 /Library/WebServer/Documents/olt/lib/Cake/Routing/Dispatcher.php(160): Dispatcher->_invoke(Object(UsersController), Object(CakeRequest), Object(CakeResponse))
#9 /Library/WebServer/Documents/olt/app/webroot/index.php(170): Dispatcher->dispatch(Object(CakeRequest), Object(CakeResponse))
#10 {main}
2014-10-24 10:25:12 Error: Fatal Error (1): Call to undefined method RsetsController::setFlash() in [/Library/WebServer/Documents/olt/app/Controller/RsetsController.php, line 302]
2014-10-24 10:25:12 Error: [FatalErrorException] Call to undefined method RsetsController::setFlash()
Request URL: /olt/rsets/finalize/2
Stack Trace:
#0 /Library/WebServer/Documents/olt/lib/Cake/Error/ErrorHandler.php(203): ErrorHandler::handleFatalError(1, 'Call to undefin...', '/Library/WebSer...', 302)
#1 [internal function]: ErrorHandler::handleError(1, 'Call to undefin...', '/Library/WebSer...', 302, Array)
#2 /Library/WebServer/Documents/olt/lib/Cake/Core/App.php(929): call_user_func('ErrorHandler::h...', 1, 'Call to undefin...', '/Library/WebSer...', 302, Array)
#3 /Library/WebServer/Documents/olt/lib/Cake/Core/App.php(902): App::_checkFatalError()
#4 [internal function]: App::shutdown()
#5 {main}
